<?xml version="1.0" encoding="UTF-8"?>
<!-- Generated by org.testng.reporters.JUnitReportReporter -->
<testsuite hostname="LM-AST-00875378" name="login.EmailTest" tests="1" failures="0" timestamp="17 Nov 2016 22:12:46 GMT" time="0.002" errors="1">
  <testcase name="main" time="0.002" classname="login.EmailTest">
    <error type="org.openqa.selenium.WebDriverException" message="Failed to connect to binary FirefoxBinary(/Applications/Firefox.app/Contents/MacOS/firefox-bin) on port 7055; process output follows: 
cal&quot;,&quot;version&quot;:&quot;15&quot;,&quot;type&quot;:&quot;extension&quot;,&quot;internalName&quot;:null,&quot;updateURL&quot;:null,&quot;updateKey&quot;:null,&quot;optionsURL&quot;:null,&quot;optionsType&quot;:null,&quot;aboutURL&quot;:null,&quot;icons&quot;:{},&quot;iconURL&quot;:&quot;chrome://web2pdfextension/skin/C_AdobeLogo_48x48.png&quot;,&quot;icon64URL&quot;:&quot;chrome://web2pdfextension/skin/C_AdobeLogo_64x64.png&quot;,&quot;defaultLocale&quot;:{&quot;name&quot;:&quot;Adobe Acrobat DC - Create PDF&quot;,&quot;description&quot;:&quot;Converts a web page to PDF&quot;,&quot;creator&quot;:&quot;Adobe Systems Incorporated&quot;,&quot;homepageURL&quot;:&quot;http://www.adobe.com/&quot;},&quot;visible&quot;:true,&quot;active&quot;:false,&quot;userDisabled&quot;:true,&quot;appDisabled&quot;:true,&quot;descriptor&quot;:&quot;/Library/Application Support/Mozilla/Extensions/{ec8030f7-c20a-464f-9b0e-13a3a9e97384}/web2pdfextension@web2pdf.adobedotcom&quot;,&quot;installDate&quot;:1426587824000,&quot;updateDate&quot;:1426587824000,&quot;applyBackgroundUpdates&quot;:1,&quot;bootstrap&quot;:false,&quot;skinnable&quot;:false,&quot;size&quot;:154362,&quot;sourceURI&quot;:null,&quot;releaseNotesURI&quot;:null,&quot;softDisabled&quot;:false,&quot;foreignInstall&quot;:true,&quot;hasBinaryComponents&quot;:false,&quot;strictCompatibility&quot;:false,&quot;locales&quot;:[],&quot;targetApplications&quot;:[{&quot;id&quot;:&quot;{ec8030f7-c20a-464f-9b0e-13a3a9e97384}&quot;,&quot;minVersion&quot;:&quot;4.0&quot;,&quot;maxVersion&quot;:&quot;*.*&quot;}],&quot;targetPlatforms&quot;:[],&quot;multiprocessCompatible&quot;:false,&quot;signedState&quot;:0,&quot;seen&quot;:true}
1479420721741	DeferredSave.extensions.json	DEBUG	Save changes
1479420721742	addons.xpi	DEBUG	Updating database with changes to installed add-ons
1479420721742	addons.xpi-utils	DEBUG	Updating add-on states
1479420721742	addons.xpi-utils	DEBUG	Writing add-ons list
1479420721743	addons.xpi	DEBUG	Registering manifest for /Applications/Firefox.app/Contents/Resources/browser/features/e10srollout@mozilla.org.xpi
1479420721743	addons.xpi	DEBUG	Calling bootstrap method startup on e10srollout@mozilla.org version 1.1
1479420721743	addons.xpi	DEBUG	Registering manifest for /Applications/Firefox.app/Contents/Resources/browser/features/firefox@getpocket.com.xpi
1479420721744	addons.xpi	DEBUG	Calling bootstrap method startup on firefox@getpocket.com version 1.0.4
1479420721744	addons.xpi	DEBUG	Registering manifest for /Applications/Firefox.app/Contents/Resources/browser/features/loop@mozilla.org.xpi
1479420721745	addons.xpi	DEBUG	Calling bootstrap method startup on loop@mozilla.org version 1.4.4
1479420721768	addons.manager	DEBUG	Registering shutdown blocker for XPIProvider
1479420721768	addons.manager	DEBUG	Provider finished startup: XPIProvider
1479420721768	addons.manager	DEBUG	Starting provider: LightweightThemeManager
1479420721768	addons.manager	DEBUG	Registering shutdown blocker for LightweightThemeManager
1479420721769	addons.manager	DEBUG	Provider finished startup: LightweightThemeManager
1479420721769	addons.manager	DEBUG	Starting provider: GMPProvider
1479420721775	addons.manager	DEBUG	Registering shutdown blocker for GMPProvider
1479420721776	addons.manager	DEBUG	Provider finished startup: GMPProvider
1479420721776	addons.manager	DEBUG	Starting provider: PluginProvider
1479420721776	addons.manager	DEBUG	Registering shutdown blocker for PluginProvider
1479420721776	addons.manager	DEBUG	Provider finished startup: PluginProvider
1479420721776	addons.manager	DEBUG	Completed startup sequence
1479420722071	addons.manager	DEBUG	Starting provider: &lt;unnamed-provider&gt;
1479420722071	addons.manager	DEBUG	Registering shutdown blocker for &lt;unnamed-provider&gt;
1479420722071	addons.manager	DEBUG	Provider finished startup: &lt;unnamed-provider&gt;
1479420722072	DeferredSave.extensions.json	DEBUG	Starting write
1479420722158	addons.repository	DEBUG	No addons.json found.
1479420722158	DeferredSave.addons.json	DEBUG	Save changes
1479420722161	DeferredSave.addons.json	DEBUG	Starting timer
1479420722206	addons.manager	DEBUG	Starting provider: PreviousExperimentProvider
1479420722207	addons.manager	DEBUG	Registering shutdown blocker for PreviousExperimentProvider
1479420722207	addons.manager	DEBUG	Provider finished startup: PreviousExperimentProvider
1479420722219	DeferredSave.extensions.json	DEBUG	Write succeeded
1479420722219	addons.xpi-utils	DEBUG	XPI Database saved, setting schema version preference to 17
1479420722221	DeferredSave.addons.json	DEBUG	Starting write
1479420722240	DeferredSave.addons.json	DEBUG	Write succeeded

Build info: version: &#039;2.53.0&#039;, revision: &#039;35ae25b&#039;, time: &#039;2016-03-15 16:57:40&#039;
System info: host: &#039;LM-AST-00875378&#039;, ip: &#039;10.237.105.35&#039;, os.name: &#039;Mac OS X&#039;, os.arch: &#039;x86_64&#039;, os.version: &#039;10.12&#039;, java.version: &#039;1.7.0_45&#039;
Driver info: driver.version: FirefoxDriver">
      <![CDATA[org.openqa.selenium.WebDriverException: Failed to connect to binary FirefoxBinary(/Applications/Firefox.app/Contents/MacOS/firefox-bin) on port 7055; process output follows: 
cal","version":"15","type":"extension","internalName":null,"updateURL":null,"updateKey":null,"optionsURL":null,"optionsType":null,"aboutURL":null,"icons":{},"iconURL":"chrome://web2pdfextension/skin/C_AdobeLogo_48x48.png","icon64URL":"chrome://web2pdfextension/skin/C_AdobeLogo_64x64.png","defaultLocale":{"name":"Adobe Acrobat DC - Create PDF","description":"Converts a web page to PDF","creator":"Adobe Systems Incorporated","homepageURL":"http://www.adobe.com/"},"visible":true,"active":false,"userDisabled":true,"appDisabled":true,"descriptor":"/Library/Application Support/Mozilla/Extensions/{ec8030f7-c20a-464f-9b0e-13a3a9e97384}/web2pdfextension@web2pdf.adobedotcom","installDate":1426587824000,"updateDate":1426587824000,"applyBackgroundUpdates":1,"bootstrap":false,"skinnable":false,"size":154362,"sourceURI":null,"releaseNotesURI":null,"softDisabled":false,"foreignInstall":true,"hasBinaryComponents":false,"strictCompatibility":false,"locales":[],"targetApplications":[{"id":"{ec8030f7-c20a-464f-9b0e-13a3a9e97384}","minVersion":"4.0","maxVersion":"*.*"}],"targetPlatforms":[],"multiprocessCompatible":false,"signedState":0,"seen":true}
1479420721741	DeferredSave.extensions.json	DEBUG	Save changes
1479420721742	addons.xpi	DEBUG	Updating database with changes to installed add-ons
1479420721742	addons.xpi-utils	DEBUG	Updating add-on states
1479420721742	addons.xpi-utils	DEBUG	Writing add-ons list
1479420721743	addons.xpi	DEBUG	Registering manifest for /Applications/Firefox.app/Contents/Resources/browser/features/e10srollout@mozilla.org.xpi
1479420721743	addons.xpi	DEBUG	Calling bootstrap method startup on e10srollout@mozilla.org version 1.1
1479420721743	addons.xpi	DEBUG	Registering manifest for /Applications/Firefox.app/Contents/Resources/browser/features/firefox@getpocket.com.xpi
1479420721744	addons.xpi	DEBUG	Calling bootstrap method startup on firefox@getpocket.com version 1.0.4
1479420721744	addons.xpi	DEBUG	Registering manifest for /Applications/Firefox.app/Contents/Resources/browser/features/loop@mozilla.org.xpi
1479420721745	addons.xpi	DEBUG	Calling bootstrap method startup on loop@mozilla.org version 1.4.4
1479420721768	addons.manager	DEBUG	Registering shutdown blocker for XPIProvider
1479420721768	addons.manager	DEBUG	Provider finished startup: XPIProvider
1479420721768	addons.manager	DEBUG	Starting provider: LightweightThemeManager
1479420721768	addons.manager	DEBUG	Registering shutdown blocker for LightweightThemeManager
1479420721769	addons.manager	DEBUG	Provider finished startup: LightweightThemeManager
1479420721769	addons.manager	DEBUG	Starting provider: GMPProvider
1479420721775	addons.manager	DEBUG	Registering shutdown blocker for GMPProvider
1479420721776	addons.manager	DEBUG	Provider finished startup: GMPProvider
1479420721776	addons.manager	DEBUG	Starting provider: PluginProvider
1479420721776	addons.manager	DEBUG	Registering shutdown blocker for PluginProvider
1479420721776	addons.manager	DEBUG	Provider finished startup: PluginProvider
1479420721776	addons.manager	DEBUG	Completed startup sequence
1479420722071	addons.manager	DEBUG	Starting provider: <unnamed-provider>
1479420722071	addons.manager	DEBUG	Registering shutdown blocker for <unnamed-provider>
1479420722071	addons.manager	DEBUG	Provider finished startup: <unnamed-provider>
1479420722072	DeferredSave.extensions.json	DEBUG	Starting write
1479420722158	addons.repository	DEBUG	No addons.json found.
1479420722158	DeferredSave.addons.json	DEBUG	Save changes
1479420722161	DeferredSave.addons.json	DEBUG	Starting timer
1479420722206	addons.manager	DEBUG	Starting provider: PreviousExperimentProvider
1479420722207	addons.manager	DEBUG	Registering shutdown blocker for PreviousExperimentProvider
1479420722207	addons.manager	DEBUG	Provider finished startup: PreviousExperimentProvider
1479420722219	DeferredSave.extensions.json	DEBUG	Write succeeded
1479420722219	addons.xpi-utils	DEBUG	XPI Database saved, setting schema version preference to 17
1479420722221	DeferredSave.addons.json	DEBUG	Starting write
1479420722240	DeferredSave.addons.json	DEBUG	Write succeeded

Build info: version: '2.53.0', revision: '35ae25b', time: '2016-03-15 16:57:40'
System info: host: 'LM-AST-00875378', ip: '10.237.105.35', os.name: 'Mac OS X', os.arch: 'x86_64', os.version: '10.12', java.version: '1.7.0_45'
Driver info: driver.version: FirefoxDriver
	at org.openqa.selenium.firefox.internal.NewProfileExtensionConnection.start(NewProfileExtensionConnection.java:124)
	at org.openqa.selenium.firefox.FirefoxDriver.startClient(FirefoxDriver.java:271)
	at org.openqa.selenium.remote.RemoteWebDriver.<init>(RemoteWebDriver.java:119)
	at org.openqa.selenium.firefox.FirefoxDriver.<init>(FirefoxDriver.java:218)
	at org.openqa.selenium.firefox.FirefoxDriver.<init>(FirefoxDriver.java:211)
	at org.openqa.selenium.firefox.FirefoxDriver.<init>(FirefoxDriver.java:207)
	at org.openqa.selenium.firefox.FirefoxDriver.<init>(FirefoxDriver.java:120)
	at login.EmailTest.beforeMethod(EmailTest.java:61)
	at sun.reflect.NativeMethodAccessorImpl.invoke0(Native Method)
	at sun.reflect.NativeMethodAccessorImpl.invoke(NativeMethodAccessorImpl.java:57)
	at sun.reflect.DelegatingMethodAccessorImpl.invoke(DelegatingMethodAccessorImpl.java:43)
	at java.lang.reflect.Method.invoke(Method.java:606)
	at org.testng.internal.MethodInvocationHelper.invokeMethod(MethodInvocationHelper.java:85)
	at org.testng.internal.Invoker.invokeConfigurationMethod(Invoker.java:510)
	at org.testng.internal.Invoker.invokeConfigurations(Invoker.java:211)
	at org.testng.internal.Invoker.invokeMethod(Invoker.java:585)
	at org.testng.internal.Invoker.invokeTestMethod(Invoker.java:816)
	at org.testng.internal.Invoker.invokeTestMethods(Invoker.java:1124)
	at org.testng.internal.TestMethodWorker.invokeTestMethods(TestMethodWorker.java:125)
	at org.testng.internal.TestMethodWorker.run(TestMethodWorker.java:108)
	at org.testng.TestRunner.privateRun(TestRunner.java:774)
	at org.testng.TestRunner.run(TestRunner.java:624)
	at org.testng.SuiteRunner.runTest(SuiteRunner.java:359)
	at org.testng.SuiteRunner.runSequentially(SuiteRunner.java:354)
	at org.testng.SuiteRunner.privateRun(SuiteRunner.java:312)
	at org.testng.SuiteRunner.run(SuiteRunner.java:261)
	at org.testng.SuiteRunnerWorker.runSuite(SuiteRunnerWorker.java:52)
	at org.testng.SuiteRunnerWorker.run(SuiteRunnerWorker.java:86)
	at org.testng.TestNG.runSuitesSequentially(TestNG.java:1215)
	at org.testng.TestNG.runSuitesLocally(TestNG.java:1140)
	at org.testng.TestNG.run(TestNG.java:1048)
	at org.testng.remote.AbstractRemoteTestNG.run(AbstractRemoteTestNG.java:126)
	at org.testng.remote.RemoteTestNG.initAndRun(RemoteTestNG.java:152)
	at org.testng.remote.RemoteTestNG.main(RemoteTestNG.java:57)
Caused by: org.openqa.selenium.firefox.NotConnectedException: Unable to connect to host 127.0.0.1 on port 7055 after 45000 ms. Firefox console output:
cal","version":"15","type":"extension","internalName":null,"updateURL":null,"updateKey":null,"optionsURL":null,"optionsType":null,"aboutURL":null,"icons":{},"iconURL":"chrome://web2pdfextension/skin/C_AdobeLogo_48x48.png","icon64URL":"chrome://web2pdfextension/skin/C_AdobeLogo_64x64.png","defaultLocale":{"name":"Adobe Acrobat DC - Create PDF","description":"Converts a web page to PDF","creator":"Adobe Systems Incorporated","homepageURL":"http://www.adobe.com/"},"visible":true,"active":false,"userDisabled":true,"appDisabled":true,"descriptor":"/Library/Application Support/Mozilla/Extensions/{ec8030f7-c20a-464f-9b0e-13a3a9e97384}/web2pdfextension@web2pdf.adobedotcom","installDate":1426587824000,"updateDate":1426587824000,"applyBackgroundUpdates":1,"bootstrap":false,"skinnable":false,"size":154362,"sourceURI":null,"releaseNotesURI":null,"softDisabled":false,"foreignInstall":true,"hasBinaryComponents":false,"strictCompatibility":false,"locales":[],"targetApplications":[{"id":"{ec8030f7-c20a-464f-9b0e-13a3a9e97384}","minVersion":"4.0","maxVersion":"*.*"}],"targetPlatforms":[],"multiprocessCompatible":false,"signedState":0,"seen":true}
1479420721741	DeferredSave.extensions.json	DEBUG	Save changes
1479420721742	addons.xpi	DEBUG	Updating database with changes to installed add-ons
1479420721742	addons.xpi-utils	DEBUG	Updating add-on states
1479420721742	addons.xpi-utils	DEBUG	Writing add-ons list
1479420721743	addons.xpi	DEBUG	Registering manifest for /Applications/Firefox.app/Contents/Resources/browser/features/e10srollout@mozilla.org.xpi
1479420721743	addons.xpi	DEBUG	Calling bootstrap method startup on e10srollout@mozilla.org version 1.1
1479420721743	addons.xpi	DEBUG	Registering manifest for /Applications/Firefox.app/Contents/Resources/browser/features/firefox@getpocket.com.xpi
1479420721744	addons.xpi	DEBUG	Calling bootstrap method startup on firefox@getpocket.com version 1.0.4
1479420721744	addons.xpi	DEBUG	Registering manifest for /Applications/Firefox.app/Contents/Resources/browser/features/loop@mozilla.org.xpi
1479420721745	addons.xpi	DEBUG	Calling bootstrap method startup on loop@mozilla.org version 1.4.4
1479420721768	addons.manager	DEBUG	Registering shutdown blocker for XPIProvider
1479420721768	addons.manager	DEBUG	Provider finished startup: XPIProvider
1479420721768	addons.manager	DEBUG	Starting provider: LightweightThemeManager
1479420721768	addons.manager	DEBUG	Registering shutdown blocker for LightweightThemeManager
1479420721769	addons.manager	DEBUG	Provider finished startup: LightweightThemeManager
1479420721769	addons.manager	DEBUG	Starting provider: GMPProvider
1479420721775	addons.manager	DEBUG	Registering shutdown blocker for GMPProvider
1479420721776	addons.manager	DEBUG	Provider finished startup: GMPProvider
1479420721776	addons.manager	DEBUG	Starting provider: PluginProvider
1479420721776	addons.manager	DEBUG	Registering shutdown blocker for PluginProvider
1479420721776	addons.manager	DEBUG	Provider finished startup: PluginProvider
1479420721776	addons.manager	DEBUG	Completed startup sequence
1479420722071	addons.manager	DEBUG	Starting provider: <unnamed-provider>
1479420722071	addons.manager	DEBUG	Registering shutdown blocker for <unnamed-provider>
1479420722071	addons.manager	DEBUG	Provider finished startup: <unnamed-provider>
1479420722072	DeferredSave.extensions.json	DEBUG	Starting write
1479420722158	addons.repository	DEBUG	No addons.json found.
1479420722158	DeferredSave.addons.json	DEBUG	Save changes
1479420722161	DeferredSave.addons.json	DEBUG	Starting timer
1479420722206	addons.manager	DEBUG	Starting provider: PreviousExperimentProvider
1479420722207	addons.manager	DEBUG	Registering shutdown blocker for PreviousExperimentProvider
1479420722207	addons.manager	DEBUG	Provider finished startup: PreviousExperimentProvider
1479420722219	DeferredSave.extensions.json	DEBUG	Write succeeded
1479420722219	addons.xpi-utils	DEBUG	XPI Database saved, setting schema version preference to 17
1479420722221	DeferredSave.addons.json	DEBUG	Starting write
1479420722240	DeferredSave.addons.json	DEBUG	Write succeeded

	at org.openqa.selenium.firefox.internal.NewProfileExtensionConnection.start(NewProfileExtensionConnection.java:112)
	... 33 more
]]>
    </error>
  </testcase> <!-- main -->
</testsuite> <!-- login.EmailTest -->
